[debug] [2023-01-07T14:19:07.914Z] ----------------------------------------------------------------------
[debug] [2023-01-07T14:19:07.915Z] Command:       D:\NodeJS\node.exe C:\Users\poorn\AppData\Roaming\npm\node_modules\firebase-tools\lib\bin\firebase.js init
[debug] [2023-01-07T14:19:07.916Z] CLI Version:   11.20.0
[debug] [2023-01-07T14:19:07.916Z] Platform:      win32
[debug] [2023-01-07T14:19:07.916Z] Node Version:  v16.17.1
[debug] [2023-01-07T14:19:07.917Z] Time:          Sat Jan 07 2023 19:49:07 GMT+0530 (India Standard Time)
[debug] [2023-01-07T14:19:07.917Z] ----------------------------------------------------------------------
[debug] 
[debug] [2023-01-07T14:19:07.926Z] > command requires scopes: ["email","openid","https://www.googleapis.com/auth/cloudplatformprojects.readonly","https://www.googleapis.com/auth/firebase","https://www.googleapis.com/auth/cloud-platform"]
[debug] [2023-01-07T14:19:07.926Z] > authorizing via signed-in user (poornachandrarao99122@gmail.com)
[info] 
     ######## #### ########  ######## ########     ###     ######  ########
     ##        ##  ##     ## ##       ##     ##  ##   ##  ##       ##
     ######    ##  ########  ######   ########  #########  ######  ######
     ##        ##  ##    ##  ##       ##     ## ##     ##       ## ##
     ##       #### ##     ## ######## ########  ##     ##  ######  ########

You're about to initialize a Firebase project in this directory:

  D:\StudyNew\Angular\Test(v15)\version15

[info] 
=== Project Setup
[info] 
[info] First, let's associate this project directory with a Firebase project.
[info] You can create multiple project aliases by running firebase use --add, 
[info] but for now we'll just set up a default project.
[info] 
[debug] [2023-01-07T14:24:31.772Z] >>> [apiv2][query] GET https://firebase.googleapis.com/v1beta1/projects pageSize=100
[debug] [2023-01-07T14:24:32.427Z] <<< [apiv2][status] GET https://firebase.googleapis.com/v1beta1/projects 200
[debug] [2023-01-07T14:24:32.427Z] <<< [apiv2][body] GET https://firebase.googleapis.com/v1beta1/projects [omitted]
[info] i  Using project angulartest-e6a94 (AngularTest) 
[info] 
=== Database Setup
[info] i  database: ensuring required API firebasedatabase.googleapis.com is enabled... 
[debug] [2023-01-07T14:24:40.898Z] >>> [apiv2][query] GET https://serviceusage.googleapis.com/v1/projects/angulartest-e6a94/services/firebasedatabase.googleapis.com [none]
[debug] [2023-01-07T14:24:40.899Z] >>> [apiv2][(partial)header] GET https://serviceusage.googleapis.com/v1/projects/angulartest-e6a94/services/firebasedatabase.googleapis.com x-goog-quota-user=projects/angulartest-e6a94
[debug] [2023-01-07T14:24:42.591Z] <<< [apiv2][status] GET https://serviceusage.googleapis.com/v1/projects/angulartest-e6a94/services/firebasedatabase.googleapis.com 200
[debug] [2023-01-07T14:24:42.591Z] <<< [apiv2][body] GET https://serviceusage.googleapis.com/v1/projects/angulartest-e6a94/services/firebasedatabase.googleapis.com [omitted]
[warn] !  database: missing required API firebasedatabase.googleapis.com. Enabling now... 
[debug] [2023-01-07T14:24:42.593Z] >>> [apiv2][query] POST https://serviceusage.googleapis.com/v1/projects/angulartest-e6a94/services/firebasedatabase.googleapis.com:enable [none]
[debug] [2023-01-07T14:24:42.593Z] >>> [apiv2][(partial)header] POST https://serviceusage.googleapis.com/v1/projects/angulartest-e6a94/services/firebasedatabase.googleapis.com:enable x-goog-quota-user=projects/angulartest-e6a94
[debug] [2023-01-07T14:24:44.489Z] <<< [apiv2][status] POST https://serviceusage.googleapis.com/v1/projects/angulartest-e6a94/services/firebasedatabase.googleapis.com:enable 200
[debug] [2023-01-07T14:24:44.489Z] <<< [apiv2][body] POST https://serviceusage.googleapis.com/v1/projects/angulartest-e6a94/services/firebasedatabase.googleapis.com:enable [omitted]
[debug] [2023-01-07T14:24:54.493Z] >>> [apiv2][query] GET https://serviceusage.googleapis.com/v1/projects/angulartest-e6a94/services/firebasedatabase.googleapis.com [none]
[debug] [2023-01-07T14:24:54.493Z] >>> [apiv2][(partial)header] GET https://serviceusage.googleapis.com/v1/projects/angulartest-e6a94/services/firebasedatabase.googleapis.com x-goog-quota-user=projects/angulartest-e6a94
[debug] [2023-01-07T14:24:56.103Z] <<< [apiv2][status] GET https://serviceusage.googleapis.com/v1/projects/angulartest-e6a94/services/firebasedatabase.googleapis.com 200
[debug] [2023-01-07T14:24:56.103Z] <<< [apiv2][body] GET https://serviceusage.googleapis.com/v1/projects/angulartest-e6a94/services/firebasedatabase.googleapis.com [omitted]
[info] +  database: required API firebasedatabase.googleapis.com is enabled 
[info] 
[debug] [2023-01-07T14:24:56.107Z] >>> [apiv2][query] GET https://firebase.googleapis.com/v1beta1/projects/angulartest-e6a94 [none]
[debug] [2023-01-07T14:24:56.620Z] <<< [apiv2][status] GET https://firebase.googleapis.com/v1beta1/projects/angulartest-e6a94 200
[debug] [2023-01-07T14:24:56.620Z] <<< [apiv2][body] GET https://firebase.googleapis.com/v1beta1/projects/angulartest-e6a94 {"projectId":"angulartest-e6a94","projectNumber":"1065852180539","displayName":"AngularTest","name":"projects/angulartest-e6a94","resources":{"hostingSite":"angulartest-e6a94"},"state":"ACTIVE","etag":"1_21c0f288-777a-49c9-b4c3-12b63d9abd46"}
[info] 
[info] Firebase Realtime Database Security Rules allow you to define how your data should be
[info] structured and when your data can be read from and written to.
[info] 
[info] +  Default rules have been written to database.rules.json. 
[info] Future modifications to database.rules.json will update Realtime Database Security Rules when you run
[info] firebase deploy.
[info] 
=== Hosting Setup
[info] 
[info] Your public directory is the folder (relative to your project directory) that
[info] will contain Hosting assets to be uploaded with firebase deploy. If you
[info] have a build process for your assets, use your build's output directory.
[info] 
[debug] [2023-01-07T14:26:46.476Z] >>> [apiv2][query] GET https://www.gstatic.com/firebasejs/releases.json [none]
[debug] [2023-01-07T14:26:46.578Z] <<< [apiv2][status] GET https://www.gstatic.com/firebasejs/releases.json 200
[debug] [2023-01-07T14:26:46.579Z] <<< [apiv2][body] GET https://www.gstatic.com/firebasejs/releases.json {"current":{"version":"9.15.0","browserURL":"https://www.gstatic.com/firebasejs/9.15.0/firebase.js","packageURL":"https://www.gstatic.com/firebasejs/9.15.0/firebase.tgz"},"live":{"version":"9.15","browserURL":"https://www.gstatic.com/firebasejs/live/9.15/firebase.js","packageURL":"https://www.gstatic.com/firebasejs/live/9.15/firebase.tgz"},"components":{"analytics":"https://www.gstatic.com/firebasejs/9.15.0/firebase-analytics.js","app":"https://www.gstatic.com/firebasejs/9.15.0/firebase-app.js","app-check":"https://www.gstatic.com/firebasejs/9.15.0/firebase-app-check.js","auth":"https://www.gstatic.com/firebasejs/9.15.0/firebase-auth.js","auth/cordova":"https://www.gstatic.com/firebasejs/9.15.0/firebase-auth/cordova.js","auth/react-native":"https://www.gstatic.com/firebasejs/9.15.0/firebase-auth/react-native.js","functions":"https://www.gstatic.com/firebasejs/9.15.0/firebase-functions.js","firestore":"https://www.gstatic.com/firebasejs/9.15.0/firebase-firestore.js","firestore/lite":"https://www.gstatic.com/firebasejs/9.15.0/firebase-firestore/lite.js","installations":"https://www.gstatic.com/firebasejs/9.15.0/firebase-installations.js","storage":"https://www.gstatic.com/firebasejs/9.15.0/firebase-storage.js","performance":"https://www.gstatic.com/firebasejs/9.15.0/firebase-performance.js","remote-config":"https://www.gstatic.com/firebasejs/9.15.0/firebase-remote-config.js","messaging":"https://www.gstatic.com/firebasejs/9.15.0/firebase-messaging.js","messaging/sw":"https://www.gstatic.com/firebasejs/9.15.0/firebase-messaging/sw.js","database":"https://www.gstatic.com/firebasejs/9.15.0/firebase-database.js","firestore.memory":"https://www.gstatic.com/firebasejs/9.15.0/firebase-firestore.memory.js"}}
[info] +  Wrote dist/version15/index.html 
[info] 
[info] i  Didn't detect a .git folder. Assuming D:\StudyNew\Angular\Test(v15)\version15 is the project root. 
[info] i  Authorizing with GitHub to upload your service account to a GitHub repository's secrets store. 
[info] 
[info] Visit this URL on this device to log in:
[info] https://github.com/login/oauth/authorize?client_id=89cf50f02ac6aaed3484&state=842718668&redirect_uri=http%3A%2F%2Flocalhost%3A9005&scope=read%3Auser%20repo%20public_repo
[info] 
[info] Waiting for authentication...
[debug] [2023-01-07T14:27:28.791Z] >>> [apiv2][query] POST https://github.com/login/oauth/access_token [none]
[debug] [2023-01-07T14:27:28.791Z] >>> [apiv2][body] POST https://github.com/login/oauth/access_token [stream]
[debug] [2023-01-07T14:27:29.231Z] <<< [apiv2][status] POST https://github.com/login/oauth/access_token 200
[debug] [2023-01-07T14:27:29.231Z] <<< [apiv2][body] POST https://github.com/login/oauth/access_token {"access_token":"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","token_type":"bearer","scope":"read:user,repo"}
[debug] [2023-01-07T14:27:29.234Z] >>> [apiv2][query] GET https://api.github.com/user [none]
[debug] [2023-01-07T14:27:29.656Z] <<< [apiv2][status] GET https://api.github.com/user 200
[debug] [2023-01-07T14:27:29.656Z] <<< [apiv2][body] GET https://api.github.com/user {"login":"poorna99122","id":46306217,"node_id":"MDQ6VXNlcjQ2MzA2MjE3","avatar_url":"https://avatars.githubusercontent.com/u/46306217?v=4","gravatar_id":"","url":"https://api.github.com/users/poorna99122","html_url":"https://github.com/poorna99122","followers_url":"https://api.github.com/users/poorna99122/followers","following_url":"https://api.github.com/users/poorna99122/following{/other_user}","gists_url":"https://api.github.com/users/poorna99122/gists{/gist_id}","starred_url":"https://api.github.com/users/poorna99122/starred{/owner}{/repo}","subscriptions_url":"https://api.github.com/users/poorna99122/subscriptions","organizations_url":"https://api.github.com/users/poorna99122/orgs","repos_url":"https://api.github.com/users/poorna99122/repos","events_url":"https://api.github.com/users/poorna99122/events{/privacy}","received_events_url":"https://api.github.com/users/poorna99122/received_events","type":"User","site_admin":false,"name":null,"company":null,"blog":"","location":null,"email":null,"hireable":null,"bio":null,"twitter_username":null,"public_repos":36,"public_gists":0,"followers":0,"following":0,"created_at":"2019-01-02T01:35:48Z","updated_at":"2023-01-07T14:27:19Z","private_gists":0,"total_private_repos":1,"owned_private_repos":1,"disk_usage":21161,"collaborators":0,"two_factor_authentication":false,"plan":{"name":"free","space":976562499,"collaborators":0,"private_repos":10000}}
[info] 
[info] +  Success! Logged into GitHub as poorna99122 
[info] 
[debug] [2023-01-07T14:27:46.012Z] >>> [apiv2][query] GET https://api.github.com/repos//actions/secrets/public-key type=owner
[debug] [2023-01-07T14:27:46.334Z] <<< [apiv2][status] GET https://api.github.com/repos//actions/secrets/public-key 404
[debug] [2023-01-07T14:27:46.334Z] <<< [apiv2][body] GET https://api.github.com/repos//actions/secrets/public-key {"message":"Not Found","documentation_url":"https://docs.github.com/rest"}
[debug] [2023-01-07T14:27:47.304Z] >>> [apiv2][query] GET https://api.github.com/repos//actions/secrets/public-key type=owner
[debug] [2023-01-07T14:27:47.625Z] <<< [apiv2][status] GET https://api.github.com/repos//actions/secrets/public-key 404
[debug] [2023-01-07T14:27:47.626Z] <<< [apiv2][body] GET https://api.github.com/repos//actions/secrets/public-key {"message":"Not Found","documentation_url":"https://docs.github.com/rest"}
